<?xml version="1.0" encoding="UTF-8"?>
<!-- Generated by org.testng.reporters.JUnitXMLReporter -->
<testsuite hostname="LAPTOP-2NA4FFI8" ignored="0" name="Default test" tests="8" failures="0" timestamp="07 Jul 2021 05:11:59 GMT" time="0.183" errors="0">
  <testcase name="display" time="0.01" classname="testng.SampleTest"/>
  <testcase name="display" time="0.009" classname="testng.SampleTest"/>
  <testcase name="display2" time="0.019" classname="testng.SampleTest"/>
  <testcase name="display3" time="0.008" classname="testng.SampleTest"/>
  <testcase name="display4" time="0.004" classname="testng.SampleTest"/>
  <testcase name="sendMessage1" time="0.02" classname="testng.SampleTest"/>
  <testcase name="sendMessage1" time="0.015" classname="testng.SampleTest"/>
  <testcase name="sendMessage1" time="0.002" classname="testng.SampleTest"/>
</testsuite> <!-- Default test -->
