<?xml version="1.0" encoding="UTF-8"?>
<!-- Generated by org.testng.reporters.JUnitXMLReporter -->
<testsuite hostname="LAPTOP-2NA4FFI8" ignored="3" name="My first test" tests="6" failures="0" timestamp="07 Jul 2021 05:16:24 GMT" time="0.161" errors="0">
  <testcase name="display4" time="0.018" classname="testng.SampleTest"/>
  <testcase name="display4" time="0.004" classname="testng.SampleTest"/>
  <testcase name="display4" time="0.018" classname="testng.SampleTest"/>
  <testcase name="sendMessage1" time="0.007" classname="testng.SampleTest"/>
  <testcase name="sendMessage1" time="0.015" classname="testng.SampleTest"/>
  <testcase name="sendMessage1" time="0.009" classname="testng.SampleTest"/>
  <testcase name="display2" time="0.0" classname="testng.SampleTest">
    <ignored/>
  </testcase> <!-- display2 -->
  <testcase name="display" time="0.0" classname="testng.SampleTest">
    <ignored/>
  </testcase> <!-- display -->
  <testcase name="display3" time="0.0" classname="testng.SampleTest">
    <ignored/>
  </testcase> <!-- display3 -->
</testsuite> <!-- My first test -->
